<?xml version="1.0" encoding="UTF-8"?>
<!-- Generated by org.testng.reporters.JUnitXMLReporter -->
<testsuite hostname="DESKTOP-3H1UIP1" ignored="0" name="OnlineBankingTest" tests="15" failures="0" timestamp="2021-09-13T13:25:44 IST" time="61.131" errors="0">
  <testcase name="AltoroMutualLogoTest" time="0.188" classname="com.banking.qa.testcases.LoginPageTest"/>
  <testcase name="tabValidationTest" time="0.283" classname="com.banking.qa.testcases.LoginPageTest"/>
  <testcase name="login_Failed_Msg_Test" time="1.152" classname="com.banking.qa.testcases.LoginPageTest"/>
  <testcase name="loginTest" time="0.972" classname="com.banking.qa.testcases.LoginPageTest"/>
  <testcase name="acctSelection" time="1.845" classname="com.banking.qa.testcases.HomePageTest"/>
  <testcase name="accountValidation" time="0.054" classname="com.banking.qa.testcases.HomePageTest"/>
  <testcase name="dateValidation" time="0.152" classname="com.banking.qa.testcases.HomePageTest"/>
  <testcase name="transferFundspage_Validation" time="1.296" classname="com.banking.qa.testcases.TransferFundPageTest"/>
  <testcase name="transferAmount" time="1.015" classname="com.banking.qa.testcases.TransferFundPageTest"/>
  <testcase name="amountValidation" time="0.097" classname="com.banking.qa.testcases.TransferFundPageTest"/>
  <testcase name="fromAcctValidation" time="0.093" classname="com.banking.qa.testcases.TransferFundPageTest"/>
  <testcase name="toAcctValidation" time="0.079" classname="com.banking.qa.testcases.TransferFundPageTest"/>
  <testcase name="debitAmtValidation" time="2.27" classname="com.banking.qa.testcases.AccountInformationpageTest"/>
  <testcase name="creditAmtValidation" time="0.918" classname="com.banking.qa.testcases.AccountInformationpageTest"/>
  <testcase name="clickonSingoff" time="1.189" classname="com.banking.qa.testcases.AccountInformationpageTest"/>
</testsuite> <!-- OnlineBankingTest -->
