<?xml version="1.0" encoding="UTF-8"?>
<!-- Generated by org.testng.reporters.JUnitXMLReporter -->
<testsuite hostname="DESKTOP-3H1UIP1" ignored="0" name="Default test" tests="5" failures="0" timestamp="2021-09-13T13:06:46 IST" time="9.357" errors="0">
  <testcase name="transferFundspage_Validation" time="1.725" classname="com.banking.qa.testcases.TransferFundPageTest"/>
  <testcase name="transferAmount" time="1.018" classname="com.banking.qa.testcases.TransferFundPageTest"/>
  <testcase name="amountValidation" time="0.195" classname="com.banking.qa.testcases.TransferFundPageTest"/>
  <testcase name="fromAcctValidation" time="0.078" classname="com.banking.qa.testcases.TransferFundPageTest"/>
  <testcase name="toAcctValidation" time="0.093" classname="com.banking.qa.testcases.TransferFundPageTest"/>
</testsuite> <!-- Default test -->
